/*C1*/SET SCHEMA SYSTEM_LOBS
INSERT INTO LOB_IDS VALUES(7,20,0,40)
ALTER SEQUENCE SYSTEM_LOBS.LOB_ID RESTART WITH 8
COMMIT
DELETE FROM BLOCKS WHERE BLOCK_ADDR=6
INSERT INTO BLOCKS VALUES(6,1,0)
INSERT INTO BLOCKS VALUES(7,2147483640,0)
DELETE FROM BLOCKS WHERE BLOCK_ADDR=6
INSERT INTO LOBS VALUES(6,1,0,7)
COMMIT
INSERT INTO LOB_IDS VALUES(8,21,0,40)
ALTER SEQUENCE SYSTEM_LOBS.LOB_ID RESTART WITH 9
COMMIT
DELETE FROM BLOCKS WHERE BLOCK_ADDR=7
INSERT INTO BLOCKS VALUES(7,1,0)
INSERT INTO BLOCKS VALUES(8,2147483639,0)
DELETE FROM BLOCKS WHERE BLOCK_ADDR=7
INSERT INTO LOBS VALUES(7,1,0,8)
COMMIT
/*C6*/SET SCHEMA PUBLIC
INSERT INTO USUARIOS VALUES(3,NULL,NULL,NULL,'password',NULL,NULL)
DELETE FROM ARTICULOS WHERE ID=1
INSERT INTO ARTICULOS VALUES(1,1,'Se cambio el 1 actualizado',7,'2013-10-24')
DELETE FROM ARTICULOS WHERE ID=2
INSERT INTO ARTICULOS VALUES(2,1,'Titulo actualizado',8,'2020-02-21')
SET SCHEMA SYSTEM_LOBS
DELETE FROM LOB_IDS WHERE LOB_ID=3
INSERT INTO LOB_IDS VALUES(3,20,0,40)
DELETE FROM LOB_IDS WHERE LOB_ID=7
INSERT INTO LOB_IDS VALUES(7,20,1,40)
DELETE FROM LOB_IDS WHERE LOB_ID=4
INSERT INTO LOB_IDS VALUES(4,20,0,40)
DELETE FROM LOB_IDS WHERE LOB_ID=8
INSERT INTO LOB_IDS VALUES(8,21,1,40)
SET SCHEMA PUBLIC
ALTER SEQUENCE PUBLIC.DATOS_USUARIOS_ID_SEQ RESTART WITH 4
COMMIT
DISCONNECT
/*C7*/SET SCHEMA PUBLIC
DISCONNECT
/*C8*/SET SCHEMA PUBLIC
DISCONNECT
/*C9*/SET SCHEMA PUBLIC
INSERT INTO ARTICULOS VALUES(4,NULL,'Titulo persist',NULL,NULL)
ALTER SEQUENCE PUBLIC.ARTICULO_ID_SEQ RESTART WITH 5
COMMIT
DISCONNECT
/*C10*/SET SCHEMA PUBLIC
INSERT INTO ARTICULOS VALUES(5,NULL,'Titulo persist',NULL,NULL)
DELETE FROM ARTICULOS WHERE ID=4
INSERT INTO ARTICULOS VALUES(4,NULL,'Este es nuvo el titulo',NULL,NULL)
ALTER SEQUENCE PUBLIC.ARTICULO_ID_SEQ RESTART WITH 6
COMMIT
DISCONNECT
/*C1*/INSERT INTO LOB_IDS VALUES(9,21,0,40)
ALTER SEQUENCE SYSTEM_LOBS.LOB_ID RESTART WITH 10
COMMIT
DELETE FROM BLOCKS WHERE BLOCK_ADDR=8
INSERT INTO BLOCKS VALUES(8,1,0)
INSERT INTO BLOCKS VALUES(9,2147483638,0)
DELETE FROM BLOCKS WHERE BLOCK_ADDR=8
INSERT INTO LOBS VALUES(8,1,0,9)
COMMIT
/*C11*/SET SCHEMA PUBLIC
INSERT INTO ARTICULOS VALUES(6,NULL,'Titulo persist',NULL,NULL)
DELETE FROM ARTICULOS WHERE ID=2
INSERT INTO ARTICULOS VALUES(2,1,'Este es nuvo el titulo',9,'2020-02-21')
SET SCHEMA SYSTEM_LOBS
DELETE FROM LOB_IDS WHERE LOB_ID=8
INSERT INTO LOB_IDS VALUES(8,21,0,40)
DELETE FROM LOB_IDS WHERE LOB_ID=9
INSERT INTO LOB_IDS VALUES(9,21,1,40)
SET SCHEMA PUBLIC
ALTER SEQUENCE PUBLIC.ARTICULO_ID_SEQ RESTART WITH 7
COMMIT
DISCONNECT
/*C12*/SET SCHEMA PUBLIC
INSERT INTO ARTICULOS VALUES(7,NULL,'Titulo persist',NULL,NULL)
DELETE FROM ARTICULOS WHERE ID=7
INSERT INTO ARTICULOS VALUES(7,NULL,'Objeto convertido a adminstrado',NULL,NULL)
ALTER SEQUENCE PUBLIC.ARTICULO_ID_SEQ RESTART WITH 8
COMMIT
DISCONNECT
/*C13*/SET SCHEMA PUBLIC
INSERT INTO ARTICULOS VALUES(8,NULL,'Articulo 3',NULL,NULL)
ALTER SEQUENCE PUBLIC.ARTICULO_ID_SEQ RESTART WITH 9
COMMIT
DISCONNECT
/*C14*/SET SCHEMA PUBLIC
INSERT INTO ARTICULOS VALUES(9,NULL,'Articulo 3',NULL,NULL)
DELETE FROM ARTICULOS WHERE ID=9
INSERT INTO ARTICULOS VALUES(9,NULL,'contenido nuevo usando a4',NULL,NULL)
ALTER SEQUENCE PUBLIC.ARTICULO_ID_SEQ RESTART WITH 10
COMMIT
DISCONNECT
/*C15*/SET SCHEMA PUBLIC
INSERT INTO ARTICULOS VALUES(10,NULL,'Articulo 3',NULL,NULL)
DELETE FROM ARTICULOS WHERE ID=10
INSERT INTO ARTICULOS VALUES(10,NULL,'contenido nuevo usando a4',NULL,NULL)
ALTER SEQUENCE PUBLIC.ARTICULO_ID_SEQ RESTART WITH 11
COMMIT
DISCONNECT
/*C16*/SET SCHEMA PUBLIC
DISCONNECT
/*C17*/SET SCHEMA PUBLIC
DISCONNECT
/*C18*/SET SCHEMA PUBLIC
DISCONNECT
/*C19*/SET SCHEMA PUBLIC
DELETE FROM ARTICULOS WHERE ID=4
COMMIT
DISCONNECT
/*C20*/SET SCHEMA PUBLIC
INSERT INTO USUARIOS VALUES(4,NULL,'Pedro Paramo 2',NULL,NULL,NULL,NULL)
DELETE FROM USUARIOS WHERE ID=4
INSERT INTO USUARIOS VALUES(4,NULL,'Pedro Paramo 2','pedropa@mail.com',NULL,NULL,NULL)
ALTER SEQUENCE PUBLIC.DATOS_USUARIOS_ID_SEQ RESTART WITH 5
COMMIT
DISCONNECT
/*C21*/SET SCHEMA PUBLIC
INSERT INTO USUARIOS VALUES(5,NULL,'Pedro Paramo 2',NULL,NULL,NULL,NULL)
DELETE FROM USUARIOS WHERE ID=5
INSERT INTO USUARIOS VALUES(5,NULL,'Pedro Paramo 2','actualizado@mail.com',NULL,NULL,NULL)
ALTER SEQUENCE PUBLIC.DATOS_USUARIOS_ID_SEQ RESTART WITH 6
COMMIT
DISCONNECT
/*C22*/SET SCHEMA PUBLIC
INSERT INTO USUARIOS VALUES(6,NULL,'Pedro Paramo 2',NULL,NULL,NULL,NULL)
DELETE FROM USUARIOS WHERE ID=6
INSERT INTO USUARIOS VALUES(6,NULL,'Pedro Paramo 2','actualizado@mail.com',NULL,NULL,NULL)
DELETE FROM USUARIOS WHERE ID=5
ALTER SEQUENCE PUBLIC.DATOS_USUARIOS_ID_SEQ RESTART WITH 7
COMMIT
DISCONNECT
/*C23*/SET SCHEMA PUBLIC
DISCONNECT
/*C24*/SET SCHEMA PUBLIC
DELETE FROM USUARIOS WHERE ID=6
COMMIT
DISCONNECT
/*C25*/SET SCHEMA PUBLIC
DELETE FROM USUARIOS WHERE ID=4
INSERT INTO USUARIOS VALUES(4,NULL,'Pedro Paramo 2','nuevoEmail',NULL,NULL,NULL)
COMMIT
DISCONNECT
/*C26*/SET SCHEMA PUBLIC
INSERT INTO USUARIOS VALUES(7,NULL,'Oswaldo',NULL,NULL,NULL,NULL)
DELETE FROM USUARIOS WHERE ID=7
INSERT INTO USUARIOS VALUES(7,NULL,'Oswaldo','nuevoEmal-Oswaldo',NULL,NULL,NULL)
ALTER SEQUENCE PUBLIC.DATOS_USUARIOS_ID_SEQ RESTART WITH 8
COMMIT
DISCONNECT
/*C27*/SET SCHEMA PUBLIC
INSERT INTO ARTICULOS VALUES(11,NULL,'nuevo titulo (dao)',NULL,NULL)
ALTER SEQUENCE PUBLIC.ARTICULO_ID_SEQ RESTART WITH 12
COMMIT
DISCONNECT
/*C28*/SET SCHEMA PUBLIC
DISCONNECT
/*C29*/SET SCHEMA PUBLIC
DISCONNECT
/*C30*/SET SCHEMA PUBLIC
DISCONNECT
/*C31*/SET SCHEMA PUBLIC
DISCONNECT
/*C32*/SET SCHEMA PUBLIC
DISCONNECT
/*C33*/SET SCHEMA PUBLIC
DISCONNECT
/*C34*/SET SCHEMA PUBLIC
INSERT INTO USUARIOS VALUES(8,NULL,'Este es el nuevo nombre con DAO',NULL,NULL,NULL,NULL)
ALTER SEQUENCE PUBLIC.DATOS_USUARIOS_ID_SEQ RESTART WITH 9
COMMIT
DISCONNECT
/*C35*/SET SCHEMA PUBLIC
INSERT INTO USUARIOS VALUES(9,NULL,'Este es el nuevo nombre con DAO GENERIC',NULL,NULL,NULL,NULL)
ALTER SEQUENCE PUBLIC.DATOS_USUARIOS_ID_SEQ RESTART WITH 10
COMMIT
DISCONNECT
